<?xml version="1.0" encoding="UTF-8"?>
<coverage generated="1776568613376" clover="3.2.0">
  <project timestamp="1776568613377" name="All files">
    <metrics statements="89" coveredstatements="77" conditionals="61" coveredconditionals="34" methods="15" coveredmethods="10" elements="165" coveredelements="121" complexity="0" loc="89" ncloc="89" packages="1" files="1" classes="1"/>
    <file name="server.js" path="/vercel/sandbox/primary/backend/server.js">
      <metrics statements="89" coveredstatements="77" conditionals="61" coveredconditionals="34" methods="15" coveredmethods="10"/>
      <line num="1" count="1" type="stmt"/>
      <line num="2" count="1" type="stmt"/>
      <line num="3" count="1" type="stmt"/>
      <line num="4" count="1" type="stmt"/>
      <line num="5" count="1" type="stmt"/>
      <line num="6" count="1" type="stmt"/>
      <line num="7" count="1" type="stmt"/>
      <line num="9" count="1" type="stmt"/>
      <line num="10" count="1" type="stmt"/>
      <line num="13" count="1" type="stmt"/>
      <line num="14" count="1" type="stmt"/>
      <line num="15" count="1" type="stmt"/>
      <line num="18" count="1" type="cond" truecount="1" falsecount="1"/>
      <line num="19" count="1" type="stmt"/>
      <line num="21" count="19" type="cond" truecount="2" falsecount="2"/>
      <line num="22" count="0" type="stmt"/>
      <line num="27" count="1" type="stmt"/>
      <line num="34" count="1" type="cond" truecount="1" falsecount="1"/>
      <line num="35" count="1" type="cond" truecount="1" falsecount="1"/>
      <line num="36" count="0" type="stmt"/>
      <line num="37" count="0" type="stmt"/>
      <line num="42" count="16" type="stmt"/>
      <line num="43" count="15" type="cond" truecount="1" falsecount="1"/>
      <line num="44" count="15" type="stmt"/>
      <line num="45" count="15" type="cond" truecount="3" falsecount="1"/>
      <line num="46" count="14" type="cond" truecount="1" falsecount="1"/>
      <line num="47" count="14" type="stmt"/>
      <line num="50" count="0" type="stmt"/>
      <line num="53" count="8" type="stmt"/>
      <line num="54" count="24" type="stmt"/>
      <line num="55" count="8" type="cond" truecount="1" falsecount="1"/>
      <line num="59" count="8" type="stmt"/>
      <line num="60" count="8" type="stmt"/>
      <line num="61" count="8" type="stmt"/>
      <line num="62" count="8" type="cond" truecount="1" falsecount="1"/>
      <line num="63" count="8" type="stmt"/>
      <line num="78" count="1" type="stmt"/>
      <line num="79" count="1" type="stmt"/>
      <line num="83" count="1" type="stmt"/>
      <line num="84" count="1" type="stmt"/>
      <line num="87" count="1" type="stmt"/>
      <line num="88" count="12" type="stmt"/>
      <line num="90" count="12" type="cond" truecount="4" falsecount="0"/>
      <line num="91" count="3" type="stmt"/>
      <line num="95" count="9" type="stmt"/>
      <line num="96" count="9" type="stmt"/>
      <line num="97" count="9" type="stmt"/>
      <line num="100" count="9" type="stmt"/>
      <line num="101" count="9" type="stmt"/>
      <line num="102" count="9" type="cond" truecount="2" falsecount="0"/>
      <line num="103" count="1" type="stmt"/>
      <line num="104" count="1" type="stmt"/>
      <line num="107" count="8" type="stmt"/>
      <line num="109" count="8" type="stmt"/>
      <line num="110" count="8" type="stmt"/>
      <line num="111" count="8" type="stmt"/>
      <line num="112" count="8" type="stmt"/>
      <line num="114" count="8" type="stmt"/>
      <line num="115" count="8" type="stmt"/>
      <line num="116" count="8" type="cond" truecount="1" falsecount="1"/>
      <line num="117" count="0" type="stmt"/>
      <line num="118" count="0" type="stmt"/>
      <line num="121" count="8" type="stmt"/>
      <line num="124" count="6" type="cond" truecount="1" falsecount="1"/>
      <line num="125" count="6" type="stmt"/>
      <line num="126" count="4" type="stmt"/>
      <line num="127" count="8" type="stmt"/>
      <line num="128" count="4" type="stmt"/>
      <line num="131" count="6" type="cond" truecount="2" falsecount="0"/>
      <line num="132" count="6" type="stmt"/>
      <line num="136" count="6" type="stmt"/>
      <line num="138" count="6" type="stmt"/>
      <line num="139" count="6" type="stmt"/>
      <line num="142" count="2" type="stmt"/>
      <line num="143" count="2" type="stmt"/>
      <line num="148" count="1" type="stmt"/>
      <line num="149" count="1" type="stmt"/>
      <line num="153" count="1" type="stmt"/>
      <line num="154" count="5" type="stmt"/>
      <line num="155" count="5" type="stmt"/>
      <line num="159" count="1" type="stmt"/>
      <line num="160" count="0" type="stmt"/>
      <line num="161" count="0" type="cond" truecount="0" falsecount="2"/>
      <line num="166" count="1" type="cond" truecount="1" falsecount="1"/>
      <line num="167" count="0" type="cond" truecount="0" falsecount="2"/>
      <line num="168" count="0" type="stmt"/>
      <line num="169" count="0" type="stmt"/>
      <line num="170" count="0" type="cond" truecount="0" falsecount="2"/>
      <line num="174" count="1" type="stmt"/>
    </file>
  </project>
</coverage>
