{"C:\\Users\\M4 Tech\\Downloads\\leadhunter\\backend\\server.js": {"path":"C:\\Users\\M4 Tech\\Downloads\\leadhunter\\backend\\server.js","statementMap":{"0":{"start":{"line":1,"column":16},"end":{"line":1,"column":34}},"1":{"start":{"line":2,"column":13},"end":{"line":2,"column":28}},"2":{"start":{"line":3,"column":15},"end":{"line":3,"column":32}},"3":{"start":{"line":4,"column":18},"end":{"line":4,"column":47}},"4":{"start":{"line":5,"column":18},"end":{"line":5,"column":39}},"5":{"start":{"line":6,"column":13},"end":{"line":6,"column":28}},"6":{"start":{"line":7,"column":0},"end":{"line":7,"column":27}},"7":{"start":{"line":9,"column":12},"end":{"line":9,"column":21}},"8":{"start":{"line":10,"column":14},"end":{"line":10,"column":45}},"9":{"start":{"line":13,"column":0},"end":{"line":13,"column":26}},"10":{"start":{"line":14,"column":0},"end":{"line":14,"column":50}},"11":{"start":{"line":15,"column":0},"end":{"line":15,"column":24}},"12":{"start":{"line":18,"column":23},"end":{"line":18,"column":90}},"13":{"start":{"line":19,"column":0},"end":{"line":24,"column":4}},"14":{"start":{"line":21,"column":4},"end":{"line":21,"column":80}},"15":{"start":{"line":21,"column":52},"end":{"line":21,"column":80}},"16":{"start":{"line":22,"column":4},"end":{"line":22,"column":47}},"17":{"start":{"line":27,"column":22},"end":{"line":31,"column":2}},"18":{"start":{"line":34,"column":23},"end":{"line":34,"column":54}},"19":{"start":{"line":35,"column":0},"end":{"line":38,"column":1}},"20":{"start":{"line":36,"column":2},"end":{"line":36,"column":67}},"21":{"start":{"line":37,"column":2},"end":{"line":37,"column":18}},"22":{"start":{"line":42,"column":15},"end":{"line":42,"column":31}},"23":{"start":{"line":43,"column":2},"end":{"line":43,"column":66}},"24":{"start":{"line":43,"column":16},"end":{"line":43,"column":66}},"25":{"start":{"line":44,"column":15},"end":{"line":44,"column":32}},"26":{"start":{"line":45,"column":2},"end":{"line":45,"column":97}},"27":{"start":{"line":45,"column":40},"end":{"line":45,"column":97}},"28":{"start":{"line":46,"column":2},"end":{"line":46,"column":87}},"29":{"start":{"line":46,"column":41},"end":{"line":46,"column":87}},"30":{"start":{"line":47,"column":2},"end":{"line":47,"column":14}},"31":{"start":{"line":50,"column":21},"end":{"line":50,"column":64}},"32":{"start":{"line":50,"column":45},"end":{"line":50,"column":62}},"33":{"start":{"line":53,"column":15},"end":{"line":53,"column":70}},"34":{"start":{"line":54,"column":16},"end":{"line":54,"column":52}},"35":{"start":{"line":54,"column":34},"end":{"line":54,"column":51}},"36":{"start":{"line":55,"column":2},"end":{"line":55,"column":61}},"37":{"start":{"line":59,"column":17},"end":{"line":59,"column":104}},"38":{"start":{"line":60,"column":14},"end":{"line":60,"column":130}},"39":{"start":{"line":61,"column":15},"end":{"line":61,"column":37}},"40":{"start":{"line":62,"column":12},"end":{"line":62,"column":29}},"41":{"start":{"line":63,"column":2},"end":{"line":72,"column":4}},"42":{"start":{"line":78,"column":0},"end":{"line":80,"column":3}},"43":{"start":{"line":79,"column":2},"end":{"line":79,"column":66}},"44":{"start":{"line":83,"column":0},"end":{"line":83,"column":56}},"45":{"start":{"line":84,"column":0},"end":{"line":84,"column":61}},"46":{"start":{"line":87,"column":0},"end":{"line":145,"column":3}},"47":{"start":{"line":88,"column":28},"end":{"line":88,"column":37}},"48":{"start":{"line":90,"column":2},"end":{"line":92,"column":3}},"49":{"start":{"line":91,"column":4},"end":{"line":91,"column":76}},"50":{"start":{"line":95,"column":22},"end":{"line":95,"column":72}},"51":{"start":{"line":96,"column":19},"end":{"line":96,"column":66}},"52":{"start":{"line":97,"column":16},"end":{"line":97,"column":44}},"53":{"start":{"line":100,"column":19},"end":{"line":100,"column":57}},"54":{"start":{"line":101,"column":17},"end":{"line":101,"column":36}},"55":{"start":{"line":102,"column":2},"end":{"line":105,"column":3}},"56":{"start":{"line":103,"column":4},"end":{"line":103,"column":40}},"57":{"start":{"line":104,"column":4},"end":{"line":104,"column":77}},"58":{"start":{"line":107,"column":2},"end":{"line":107,"column":35}},"59":{"start":{"line":109,"column":2},"end":{"line":144,"column":3}},"60":{"start":{"line":110,"column":22},"end":{"line":110,"column":24}},"61":{"start":{"line":111,"column":24},"end":{"line":111,"column":28}},"62":{"start":{"line":112,"column":15},"end":{"line":112,"column":16}},"63":{"start":{"line":114,"column":4},"end":{"line":133,"column":40}},"64":{"start":{"line":115,"column":16},"end":{"line":115,"column":133}},"65":{"start":{"line":116,"column":6},"end":{"line":119,"column":7}},"66":{"start":{"line":117,"column":8},"end":{"line":117,"column":45}},"67":{"start":{"line":118,"column":8},"end":{"line":118,"column":26}},"68":{"start":{"line":121,"column":19},"end":{"line":121,"column":41}},"69":{"start":{"line":124,"column":21},"end":{"line":124,"column":39}},"70":{"start":{"line":125,"column":6},"end":{"line":129,"column":7}},"71":{"start":{"line":125,"column":19},"end":{"line":125,"column":20}},"72":{"start":{"line":126,"column":22},"end":{"line":126,"column":44}},"73":{"start":{"line":127,"column":24},"end":{"line":127,"column":85}},"74":{"start":{"line":127,"column":57},"end":{"line":127,"column":83}},"75":{"start":{"line":128,"column":8},"end":{"line":128,"column":35}},"76":{"start":{"line":131,"column":6},"end":{"line":131,"column":51}},"77":{"start":{"line":132,"column":6},"end":{"line":132,"column":13}},"78":{"start":{"line":136,"column":4},"end":{"line":136,"column":35}},"79":{"start":{"line":138,"column":4},"end":{"line":138,"column":65}},"80":{"start":{"line":139,"column":4},"end":{"line":139,"column":77}},"81":{"start":{"line":142,"column":4},"end":{"line":142,"column":52}},"82":{"start":{"line":143,"column":4},"end":{"line":143,"column":49}},"83":{"start":{"line":148,"column":0},"end":{"line":150,"column":3}},"84":{"start":{"line":149,"column":2},"end":{"line":149,"column":29}},"85":{"start":{"line":153,"column":0},"end":{"line":156,"column":3}},"86":{"start":{"line":154,"column":2},"end":{"line":154,"column":19}},"87":{"start":{"line":155,"column":2},"end":{"line":155,"column":41}},"88":{"start":{"line":159,"column":0},"end":{"line":163,"column":3}},"89":{"start":{"line":160,"column":2},"end":{"line":162,"column":5}},"90":{"start":{"line":161,"column":4},"end":{"line":161,"column":77}},"91":{"start":{"line":161,"column":13},"end":{"line":161,"column":77}},"92":{"start":{"line":166,"column":0},"end":{"line":172,"column":1}},"93":{"start":{"line":167,"column":15},"end":{"line":167,"column":39}},"94":{"start":{"line":168,"column":2},"end":{"line":171,"column":5}},"95":{"start":{"line":169,"column":4},"end":{"line":169,"column":74}},"96":{"start":{"line":170,"column":4},"end":{"line":170,"column":72}},"97":{"start":{"line":174,"column":0},"end":{"line":174,"column":21}}},"fnMap":{"0":{"name":"(anonymous_0)","decl":{"start":{"line":20,"column":10},"end":{"line":20,"column":11}},"loc":{"start":{"line":20,"column":32},"end":{"line":23,"column":3}},"line":20},"1":{"name":"googleFetch","decl":{"start":{"line":41,"column":15},"end":{"line":41,"column":26}},"loc":{"start":{"line":41,"column":32},"end":{"line":48,"column":1}},"line":41},"2":{"name":"sleep","decl":{"start":{"line":50,"column":9},"end":{"line":50,"column":14}},"loc":{"start":{"line":50,"column":19},"end":{"line":50,"column":66}},"line":50},"3":{"name":"(anonymous_3)","decl":{"start":{"line":50,"column":40},"end":{"line":50,"column":41}},"loc":{"start":{"line":50,"column":45},"end":{"line":50,"column":62}},"line":50},"4":{"name":"formatCategory","decl":{"start":{"line":52,"column":9},"end":{"line":52,"column":23}},"loc":{"start":{"line":52,"column":36},"end":{"line":56,"column":1}},"line":52},"5":{"name":"(anonymous_5)","decl":{"start":{"line":54,"column":29},"end":{"line":54,"column":30}},"loc":{"start":{"line":54,"column":34},"end":{"line":54,"column":51}},"line":54},"6":{"name":"getPlaceDetail","decl":{"start":{"line":58,"column":15},"end":{"line":58,"column":29}},"loc":{"start":{"line":58,"column":39},"end":{"line":73,"column":1}},"line":58},"7":{"name":"(anonymous_7)","decl":{"start":{"line":78,"column":19},"end":{"line":78,"column":20}},"loc":{"start":{"line":78,"column":33},"end":{"line":80,"column":1}},"line":78},"8":{"name":"(anonymous_8)","decl":{"start":{"line":87,"column":38},"end":{"line":87,"column":39}},"loc":{"start":{"line":87,"column":58},"end":{"line":145,"column":1}},"line":87},"9":{"name":"(anonymous_9)","decl":{"start":{"line":127,"column":52},"end":{"line":127,"column":53}},"loc":{"start":{"line":127,"column":57},"end":{"line":127,"column":83}},"line":127},"10":{"name":"(anonymous_10)","decl":{"start":{"line":148,"column":28},"end":{"line":148,"column":29}},"loc":{"start":{"line":148,"column":42},"end":{"line":150,"column":1}},"line":148},"11":{"name":"(anonymous_11)","decl":{"start":{"line":153,"column":25},"end":{"line":153,"column":26}},"loc":{"start":{"line":153,"column":39},"end":{"line":156,"column":1}},"line":153},"12":{"name":"(anonymous_12)","decl":{"start":{"line":159,"column":13},"end":{"line":159,"column":14}},"loc":{"start":{"line":159,"column":27},"end":{"line":163,"column":1}},"line":159},"13":{"name":"(anonymous_13)","decl":{"start":{"line":160,"column":61},"end":{"line":160,"column":62}},"loc":{"start":{"line":160,"column":70},"end":{"line":162,"column":3}},"line":160},"14":{"name":"(anonymous_14)","decl":{"start":{"line":168,"column":19},"end":{"line":168,"column":20}},"loc":{"start":{"line":168,"column":25},"end":{"line":171,"column":3}},"line":168}},"branchMap":{"0":{"loc":{"start":{"line":18,"column":24},"end":{"line":18,"column":78}},"type":"binary-expr","locations":[{"start":{"line":18,"column":24},"end":{"line":18,"column":51}},{"start":{"line":18,"column":55},"end":{"line":18,"column":78}}],"line":18},"1":{"loc":{"start":{"line":21,"column":4},"end":{"line":21,"column":80}},"type":"if","locations":[{"start":{"line":21,"column":4},"end":{"line":21,"column":80}},{"start":{},"end":{}}],"line":21},"2":{"loc":{"start":{"line":21,"column":8},"end":{"line":21,"column":50}},"type":"binary-expr","locations":[{"start":{"line":21,"column":8},"end":{"line":21,"column":15}},{"start":{"line":21,"column":19},"end":{"line":21,"column":50}}],"line":21},"3":{"loc":{"start":{"line":35,"column":0},"end":{"line":38,"column":1}},"type":"if","locations":[{"start":{"line":35,"column":0},"end":{"line":38,"column":1}},{"start":{},"end":{}}],"line":35},"4":{"loc":{"start":{"line":43,"column":2},"end":{"line":43,"column":66}},"type":"if","locations":[{"start":{"line":43,"column":2},"end":{"line":43,"column":66}},{"start":{},"end":{}}],"line":43},"5":{"loc":{"start":{"line":45,"column":2},"end":{"line":45,"column":97}},"type":"if","locations":[{"start":{"line":45,"column":2},"end":{"line":45,"column":97}},{"start":{},"end":{}}],"line":45},"6":{"loc":{"start":{"line":45,"column":56},"end":{"line":45,"column":95}},"type":"binary-expr","locations":[{"start":{"line":45,"column":56},"end":{"line":45,"column":74}},{"start":{"line":45,"column":78},"end":{"line":45,"column":95}}],"line":45},"7":{"loc":{"start":{"line":46,"column":2},"end":{"line":46,"column":87}},"type":"if","locations":[{"start":{"line":46,"column":2},"end":{"line":46,"column":87}},{"start":{},"end":{}}],"line":46},"8":{"loc":{"start":{"line":52,"column":24},"end":{"line":52,"column":34}},"type":"default-arg","locations":[{"start":{"line":52,"column":32},"end":{"line":52,"column":34}}],"line":52},"9":{"loc":{"start":{"line":55,"column":9},"end":{"line":55,"column":60}},"type":"cond-expr","locations":[{"start":{"line":55,"column":20},"end":{"line":55,"column":47}},{"start":{"line":55,"column":50},"end":{"line":55,"column":60}}],"line":55},"10":{"loc":{"start":{"line":62,"column":12},"end":{"line":62,"column":29}},"type":"binary-expr","locations":[{"start":{"line":62,"column":12},"end":{"line":62,"column":23}},{"start":{"line":62,"column":27},"end":{"line":62,"column":29}}],"line":62},"11":{"loc":{"start":{"line":64,"column":10},"end":{"line":64,"column":23}},"type":"binary-expr","locations":[{"start":{"line":64,"column":10},"end":{"line":64,"column":16}},{"start":{"line":64,"column":20},"end":{"line":64,"column":23}}],"line":64},"12":{"loc":{"start":{"line":65,"column":11},"end":{"line":65,"column":41}},"type":"binary-expr","locations":[{"start":{"line":65,"column":11},"end":{"line":65,"column":35}},{"start":{"line":65,"column":39},"end":{"line":65,"column":41}}],"line":65},"13":{"loc":{"start":{"line":66,"column":13},"end":{"line":66,"column":28}},"type":"binary-expr","locations":[{"start":{"line":66,"column":13},"end":{"line":66,"column":22}},{"start":{"line":66,"column":26},"end":{"line":66,"column":28}}],"line":66},"14":{"loc":{"start":{"line":67,"column":12},"end":{"line":67,"column":25}},"type":"binary-expr","locations":[{"start":{"line":67,"column":12},"end":{"line":67,"column":20}},{"start":{"line":67,"column":24},"end":{"line":67,"column":25}}],"line":67},"15":{"loc":{"start":{"line":68,"column":13},"end":{"line":68,"column":38}},"type":"binary-expr","locations":[{"start":{"line":68,"column":13},"end":{"line":68,"column":33}},{"start":{"line":68,"column":37},"end":{"line":68,"column":38}}],"line":68},"16":{"loc":{"start":{"line":69,"column":13},"end":{"line":69,"column":39}},"type":"binary-expr","locations":[{"start":{"line":69,"column":13},"end":{"line":69,"column":32}},{"start":{"line":69,"column":36},"end":{"line":69,"column":39}}],"line":69},"17":{"loc":{"start":{"line":70,"column":29},"end":{"line":70,"column":42}},"type":"binary-expr","locations":[{"start":{"line":70,"column":29},"end":{"line":70,"column":36}},{"start":{"line":70,"column":40},"end":{"line":70,"column":42}}],"line":70},"18":{"loc":{"start":{"line":71,"column":15},"end":{"line":71,"column":45}},"type":"binary-expr","locations":[{"start":{"line":71,"column":15},"end":{"line":71,"column":25}},{"start":{"line":71,"column":29},"end":{"line":71,"column":45}}],"line":71},"19":{"loc":{"start":{"line":90,"column":2},"end":{"line":92,"column":3}},"type":"if","locations":[{"start":{"line":90,"column":2},"end":{"line":92,"column":3}},{"start":{},"end":{}}],"line":90},"20":{"loc":{"start":{"line":90,"column":6},"end":{"line":90,"column":23}},"type":"binary-expr","locations":[{"start":{"line":90,"column":6},"end":{"line":90,"column":14}},{"start":{"line":90,"column":18},"end":{"line":90,"column":23}}],"line":90},"21":{"loc":{"start":{"line":102,"column":2},"end":{"line":105,"column":3}},"type":"if","locations":[{"start":{"line":102,"column":2},"end":{"line":105,"column":3}},{"start":{},"end":{}}],"line":102},"22":{"loc":{"start":{"line":116,"column":6},"end":{"line":119,"column":7}},"type":"if","locations":[{"start":{"line":116,"column":6},"end":{"line":119,"column":7}},{"start":{},"end":{}}],"line":116},"23":{"loc":{"start":{"line":124,"column":21},"end":{"line":124,"column":39}},"type":"binary-expr","locations":[{"start":{"line":124,"column":21},"end":{"line":124,"column":33}},{"start":{"line":124,"column":37},"end":{"line":124,"column":39}}],"line":124},"24":{"loc":{"start":{"line":131,"column":22},"end":{"line":131,"column":50}},"type":"binary-expr","locations":[{"start":{"line":131,"column":22},"end":{"line":131,"column":42}},{"start":{"line":131,"column":46},"end":{"line":131,"column":50}}],"line":131},"25":{"loc":{"start":{"line":133,"column":13},"end":{"line":133,"column":38}},"type":"binary-expr","locations":[{"start":{"line":133,"column":13},"end":{"line":133,"column":26}},{"start":{"line":133,"column":30},"end":{"line":133,"column":38}}],"line":133},"26":{"loc":{"start":{"line":161,"column":4},"end":{"line":161,"column":77}},"type":"if","locations":[{"start":{"line":161,"column":4},"end":{"line":161,"column":77}},{"start":{},"end":{}}],"line":161},"27":{"loc":{"start":{"line":166,"column":0},"end":{"line":172,"column":1}},"type":"if","locations":[{"start":{"line":166,"column":0},"end":{"line":172,"column":1}},{"start":{},"end":{}}],"line":166},"28":{"loc":{"start":{"line":167,"column":15},"end":{"line":167,"column":39}},"type":"binary-expr","locations":[{"start":{"line":167,"column":15},"end":{"line":167,"column":31}},{"start":{"line":167,"column":35},"end":{"line":167,"column":39}}],"line":167},"29":{"loc":{"start":{"line":170,"column":35},"end":{"line":170,"column":68}},"type":"cond-expr","locations":[{"start":{"line":170,"column":52},"end":{"line":170,"column":59}},{"start":{"line":170,"column":62},"end":{"line":170,"column":68}}],"line":170}},"s":{"0":1,"1":1,"2":1,"3":1,"4":1,"5":1,"6":1,"7":1,"8":1,"9":1,"10":1,"11":1,"12":1,"13":1,"14":19,"15":19,"16":0,"17":1,"18":1,"19":1,"20":0,"21":0,"22":16,"23":15,"24":0,"25":15,"26":15,"27":1,"28":14,"29":0,"30":14,"31":0,"32":0,"33":8,"34":8,"35":24,"36":8,"37":8,"38":8,"39":8,"40":8,"41":8,"42":1,"43":1,"44":1,"45":1,"46":1,"47":12,"48":12,"49":3,"50":9,"51":9,"52":9,"53":9,"54":9,"55":9,"56":1,"57":1,"58":8,"59":8,"60":8,"61":8,"62":8,"63":8,"64":8,"65":8,"66":0,"67":0,"68":8,"69":6,"70":6,"71":6,"72":4,"73":4,"74":8,"75":4,"76":6,"77":6,"78":6,"79":6,"80":6,"81":2,"82":2,"83":1,"84":1,"85":1,"86":5,"87":5,"88":1,"89":0,"90":0,"91":0,"92":1,"93":0,"94":0,"95":0,"96":0,"97":1},"f":{"0":19,"1":16,"2":0,"3":0,"4":8,"5":24,"6":8,"7":1,"8":12,"9":8,"10":1,"11":5,"12":0,"13":0,"14":0},"b":{"0":[1,0],"1":[19,0],"2":[19,0],"3":[0,1],"4":[0,15],"5":[1,14],"6":[1,0],"7":[0,14],"8":[0],"9":[8,0],"10":[8,0],"11":[8,0],"12":[8,0],"13":[8,2],"14":[8,0],"15":[8,0],"16":[8,0],"17":[8,0],"18":[8,6],"19":[3,9],"20":[12,10],"21":[1,8],"22":[0,8],"23":[6,0],"24":[6,6],"25":[6,0],"26":[0,0],"27":[0,1],"28":[0,0],"29":[0,0]},"_coverageSchema":"1a1c01bbd47fc00a2c39e90264f33305004495a9","hash":"9c22bd3e86a0135a54a3f3612dca0514b436bf7a"}
}
