TN:
SF:server.js
FN:20,(anonymous_0)
FN:41,googleFetch
FN:50,sleep
FN:50,(anonymous_3)
FN:52,formatCategory
FN:54,(anonymous_5)
FN:58,getPlaceDetail
FN:78,(anonymous_7)
FN:87,(anonymous_8)
FN:127,(anonymous_9)
FN:148,(anonymous_10)
FN:153,(anonymous_11)
FN:159,(anonymous_12)
FN:160,(anonymous_13)
FN:168,(anonymous_14)
FNF:15
FNH:10
FNDA:19,(anonymous_0)
FNDA:16,googleFetch
FNDA:0,sleep
FNDA:0,(anonymous_3)
FNDA:8,formatCategory
FNDA:24,(anonymous_5)
FNDA:8,getPlaceDetail
FNDA:1,(anonymous_7)
FNDA:12,(anonymous_8)
FNDA:8,(anonymous_9)
FNDA:1,(anonymous_10)
FNDA:5,(anonymous_11)
FNDA:0,(anonymous_12)
FNDA:0,(anonymous_13)
FNDA:0,(anonymous_14)
DA:1,1
DA:2,1
DA:3,1
DA:4,1
DA:5,1
DA:6,1
DA:7,1
DA:9,1
DA:10,1
DA:13,1
DA:14,1
DA:15,1
DA:18,1
DA:19,1
DA:21,19
DA:22,0
DA:27,1
DA:34,1
DA:35,1
DA:36,0
DA:37,0
DA:42,16
DA:43,15
DA:44,15
DA:45,15
DA:46,14
DA:47,14
DA:50,0
DA:53,8
DA:54,24
DA:55,8
DA:59,8
DA:60,8
DA:61,8
DA:62,8
DA:63,8
DA:78,1
DA:79,1
DA:83,1
DA:84,1
DA:87,1
DA:88,12
DA:90,12
DA:91,3
DA:95,9
DA:96,9
DA:97,9
DA:100,9
DA:101,9
DA:102,9
DA:103,1
DA:104,1
DA:107,8
DA:109,8
DA:110,8
DA:111,8
DA:112,8
DA:114,8
DA:115,8
DA:116,8
DA:117,0
DA:118,0
DA:121,8
DA:124,6
DA:125,6
DA:126,4
DA:127,8
DA:128,4
DA:131,6
DA:132,6
DA:136,6
DA:138,6
DA:139,6
DA:142,2
DA:143,2
DA:148,1
DA:149,1
DA:153,1
DA:154,5
DA:155,5
DA:159,1
DA:160,0
DA:161,0
DA:166,1
DA:167,0
DA:168,0
DA:169,0
DA:170,0
DA:174,1
LF:89
LH:77
BRDA:18,0,0,1
BRDA:18,0,1,0
BRDA:21,1,0,19
BRDA:21,1,1,0
BRDA:21,2,0,19
BRDA:21,2,1,0
BRDA:35,3,0,0
BRDA:35,3,1,1
BRDA:43,4,0,0
BRDA:43,4,1,15
BRDA:45,5,0,1
BRDA:45,5,1,14
BRDA:45,6,0,1
BRDA:45,6,1,0
BRDA:46,7,0,0
BRDA:46,7,1,14
BRDA:52,8,0,0
BRDA:55,9,0,8
BRDA:55,9,1,0
BRDA:62,10,0,8
BRDA:62,10,1,0
BRDA:64,11,0,8
BRDA:64,11,1,0
BRDA:65,12,0,8
BRDA:65,12,1,0
BRDA:66,13,0,8
BRDA:66,13,1,2
BRDA:67,14,0,8
BRDA:67,14,1,0
BRDA:68,15,0,8
BRDA:68,15,1,0
BRDA:69,16,0,8
BRDA:69,16,1,0
BRDA:70,17,0,8
BRDA:70,17,1,0
BRDA:71,18,0,8
BRDA:71,18,1,6
BRDA:90,19,0,3
BRDA:90,19,1,9
BRDA:90,20,0,12
BRDA:90,20,1,10
BRDA:102,21,0,1
BRDA:102,21,1,8
BRDA:116,22,0,0
BRDA:116,22,1,8
BRDA:124,23,0,6
BRDA:124,23,1,0
BRDA:131,24,0,6
BRDA:131,24,1,6
BRDA:133,25,0,6
BRDA:133,25,1,0
BRDA:161,26,0,0
BRDA:161,26,1,0
BRDA:166,27,0,0
BRDA:166,27,1,1
BRDA:167,28,0,0
BRDA:167,28,1,0
BRDA:170,29,0,0
BRDA:170,29,1,0
BRF:59
BRH:33
end_of_record
